-------------------------------------------------------------------------------
Test set: TestSuite
-------------------------------------------------------------------------------
Tests run: 3, Failures: 1, Errors: 0, Skipped: 0, Time elapsed: 122.79 s <<< FAILURE! - in TestSuite
Text_Validation(Academy.validationTest)  Time elapsed: 31.582 s  <<< FAILURE!
java.lang.AssertionError: expected [FEATURED COURSES1] but found [FEATURED COURSES]
	at Academy.validationTest.Text_Validation(validationTest.java:52)

