-------------------------------------------------------------------------------
Test set: TestSuite
-------------------------------------------------------------------------------
Tests run: 3, Failures: 1, Errors: 0, Skipped: 0, Time elapsed: 76.844 s <<< FAILURE! - in TestSuite
validationTest(Academy.validationTest)  Time elapsed: 18.843 s  <<< FAILURE!
java.lang.AssertionError: expected [FEATURED COURSES1] but found [FEATURED COURSES]
	at Academy.validationTest.validationTest(validationTest.java:41)

