<?xml version="1.0" encoding="UTF-8"?>
<!-- Generated by org.testng.reporters.JUnitXMLReporter -->
<testsuite hostname="mdmislam" ignored="0" name="Test1" tests="5" failures="1" timestamp="18 Nov 2018 15:48:58 GMT" time="132.818" errors="0">
  <testcase name="Test" time="14.179" classname="Mobile.AppTest"/>
  <testcase name="Test2" time="0.002" classname="Mobile.BrowseTest"/>
  <testcase name="pagenavigation1" time="39.273" classname="Academy.loginvalidationTest"/>
  <testcase name="pagenavigation1" time="47.007" classname="Academy.loginvalidationTest"/>
  <testcase name="validationTest" time="32.305" classname="Academy.validationTest">
    <failure type="java.lang.AssertionError" message="expected [FEATURED COURSES1] but found [FEATURED COURSES]">
      <![CDATA[java.lang.AssertionError: expected [FEATURED COURSES1] but found [FEATURED COURSES]
at Academy.validationTest.validationTest(validationTest.java:41)
... Removed 31 stack frames]]>
    </failure>
  </testcase> <!-- validationTest -->
</testsuite> <!-- Test1 -->
