<?xml version="1.0" encoding="UTF-8"?>
<!-- Generated by org.testng.reporters.JUnitXMLReporter -->
<testsuite hostname="mdmislam" name="Test1" tests="3" failures="1" timestamp="17 Nov 2018 18:19:20 GMT" time="92.875" errors="0">
  <testcase name="validationTest" time="18.188" classname="Academy.validationTest">
    <failure type="java.lang.AssertionError" message="expected [FEATURED COURSES1] but found [FEATURED COURSES]">
      <![CDATA[java.lang.AssertionError: expected [FEATURED COURSES1] but found [FEATURED COURSES]
	at Academy.validationTest.validationTest(validationTest.java:41)
	at org.apache.maven.surefire.testng.TestNGExecutor.run(TestNGExecutor.java:283)
	at org.apache.maven.surefire.testng.TestNGXmlTestSuite.execute(TestNGXmlTestSuite.java:75)
	at org.apache.maven.surefire.testng.TestNGProvider.invoke(TestNGProvider.java:120)
	at org.apache.maven.surefire.booter.ForkedBooter.invokeProviderInSameClassLoader(ForkedBooter.java:373)
	at org.apache.maven.surefire.booter.ForkedBooter.runSuitesInProcess(ForkedBooter.java:334)
	at org.apache.maven.surefire.booter.ForkedBooter.execute(ForkedBooter.java:119)
	at org.apache.maven.surefire.booter.ForkedBooter.main(ForkedBooter.java:407)
... Removed 26 stack frames]]>
    </failure>
  </testcase> <!-- validationTest -->
  <testcase name="pagenavigation1" time="35.261" classname="Academy.loginvalidationTest"/>
  <testcase name="pagenavigation1" time="39.395" classname="Academy.loginvalidationTest"/>
</testsuite> <!-- Test1 -->
